<?xml version="1.0" encoding="UTF-8"?>
<!-- Generated by org.testng.reporters.JUnitReportReporter -->
<testsuite hostname="inbl01lap7191" failures="0" tests="1" name="TestCases.VerifyLogoutTestCase" time="0.936" errors="0" timestamp="19 Feb 2022 10:36:09 GMT" skipped="0">
  <testcase classname="TestCases.VerifyLogoutTestCase" name="validateLogin" time="0.936"/>
</testsuite> <!-- TestCases.VerifyLogoutTestCase -->
