<?xml version="1.0" encoding="UTF-8"?>
<!-- Generated by org.testng.reporters.JUnitReportReporter -->
<testsuite hostname="inbl01lap7191" failures="0" tests="1" name="TestCases.DeleteCustomerTestCase" time="2.438" errors="0" timestamp="19 Feb 2022 10:36:09 GMT" skipped="0">
  <testcase classname="TestCases.DeleteCustomerTestCase" name="validateDelete" time="2.438"/>
</testsuite> <!-- TestCases.DeleteCustomerTestCase -->
