<?xml version="1.0" encoding="UTF-8"?>
<!-- Generated by org.testng.reporters.JUnitReportReporter -->
<testsuite hostname="inbl01lap7191" failures="0" tests="1" name="TestCases.LoginPageTest" time="5.707" errors="0" timestamp="19 Feb 2022 10:36:09 GMT" skipped="0">
  <testcase classname="TestCases.LoginPageTest" name="validateTitle" time="5.707"/>
</testsuite> <!-- TestCases.LoginPageTest -->
