<?xml version="1.0" encoding="UTF-8"?>
<!-- Generated by org.testng.reporters.JUnitReportReporter -->
<testsuite hostname="inbl01lap7191" failures="0" tests="1" name="TestCases.NewDetailsEntry" time="4.131" errors="0" timestamp="19 Feb 2022 10:36:09 GMT" skipped="0">
  <testcase classname="TestCases.NewDetailsEntry" name="validateNewDetails" time="4.131"/>
</testsuite> <!-- TestCases.NewDetailsEntry -->
